<?xml version="1.0" encoding="UTF-8"?>
<!-- Generated by org.testng.reporters.JUnitReportReporter -->
<testsuite skipped="0" hostname="Humaira" name="com.tutorialsninja.testsuite.DesktopPageTest" tests="1" failures="0" timestamp="2022-12-13T10:00:29 GMT" time="3.516" errors="1">
  <testcase name="verifyProductArrangeInAlphabeticalOrder" time="3.516" classname="com.tutorialsninja.testsuite.DesktopPageTest">
    <error type="org.openqa.selenium.StaleElementReferenceException" message="stale element reference: element is not attached to the page document
  (Session info: chrome=108.0.5359.99)
For documentation on this error, please visit: https://selenium.dev/exceptions/#stale_element_reference
Build info: version: &#039;4.6.0&#039;, revision: &#039;79f1c02ae20&#039;
System info: os.name: &#039;Windows 10&#039;, os.arch: &#039;amd64&#039;, os.version: &#039;10.0&#039;, java.version: &#039;1.8.0_121&#039;
Driver info: org.openqa.selenium.chrome.ChromeDriver
Command: [8829220d2283728b72d376dd2720766c, getElementText {id=1c576510-fbef-4a4a-8e35-bb032fbaf823}]
Capabilities {acceptInsecureCerts: false, browserName: chrome, browserVersion: 108.0.5359.99, chrome: {chromedriverVersion: 108.0.5359.71 (1e0e3868ee06..., userDataDir: C:\Users\humai\AppData\Loca...}, goog:chromeOptions: {debuggerAddress: localhost:52571}, networkConnectionEnabled: false, pageLoadStrategy: normal, platformName: WINDOWS, proxy: Proxy(), se:cdp: ws://localhost:52571/devtoo..., se:cdpVersion: 108.0.5359.99, setWindowRect: true, strictFileInteractability: false, timeouts: {implicit: 0, pageLoad: 300000, script: 30000}, unhandledPromptBehavior: dismiss and notify, webauthn:extension:credBlob: true, webauthn:extension:largeBlob: true, webauthn:virtualAuthenticators: true}
Element: [[ChromeDriver: chrome on WINDOWS (8829220d2283728b72d376dd2720766c)] -&gt; xpath: //h4/a]
Session ID: 8829220d2283728b72d376dd2720766c">
      <![CDATA[org.openqa.selenium.StaleElementReferenceException: stale element reference: element is not attached to the page document
  (Session info: chrome=108.0.5359.99)
For documentation on this error, please visit: https://selenium.dev/exceptions/#stale_element_reference
Build info: version: '4.6.0', revision: '79f1c02ae20'
System info: os.name: 'Windows 10', os.arch: 'amd64', os.version: '10.0', java.version: '1.8.0_121'
Driver info: org.openqa.selenium.chrome.ChromeDriver
Command: [8829220d2283728b72d376dd2720766c, getElementText {id=1c576510-fbef-4a4a-8e35-bb032fbaf823}]
Capabilities {acceptInsecureCerts: false, browserName: chrome, browserVersion: 108.0.5359.99, chrome: {chromedriverVersion: 108.0.5359.71 (1e0e3868ee06..., userDataDir: C:\Users\humai\AppData\Loca...}, goog:chromeOptions: {debuggerAddress: localhost:52571}, networkConnectionEnabled: false, pageLoadStrategy: normal, platformName: WINDOWS, proxy: Proxy(), se:cdp: ws://localhost:52571/devtoo..., se:cdpVersion: 108.0.5359.99, setWindowRect: true, strictFileInteractability: false, timeouts: {implicit: 0, pageLoad: 300000, script: 30000}, unhandledPromptBehavior: dismiss and notify, webauthn:extension:credBlob: true, webauthn:extension:largeBlob: true, webauthn:virtualAuthenticators: true}
Element: [[ChromeDriver: chrome on WINDOWS (8829220d2283728b72d376dd2720766c)] -> xpath: //h4/a]
Session ID: 8829220d2283728b72d376dd2720766c
at sun.reflect.NativeConstructorAccessorImpl.newInstance0(Native Method)
at sun.reflect.NativeConstructorAccessorImpl.newInstance(NativeConstructorAccessorImpl.java:62)
at sun.reflect.DelegatingConstructorAccessorImpl.newInstance(DelegatingConstructorAccessorImpl.java:45)
at java.lang.reflect.Constructor.newInstance(Constructor.java:423)
at org.openqa.selenium.remote.codec.w3c.W3CHttpResponseCodec.createException(W3CHttpResponseCodec.java:200)
at org.openqa.selenium.remote.codec.w3c.W3CHttpResponseCodec.decode(W3CHttpResponseCodec.java:133)
at org.openqa.selenium.remote.codec.w3c.W3CHttpResponseCodec.decode(W3CHttpResponseCodec.java:53)
at org.openqa.selenium.remote.HttpCommandExecutor.execute(HttpCommandExecutor.java:184)
at org.openqa.selenium.remote.service.DriverCommandExecutor.invokeExecute(DriverCommandExecutor.java:167)
at org.openqa.selenium.remote.service.DriverCommandExecutor.execute(DriverCommandExecutor.java:142)
at org.openqa.selenium.remote.RemoteWebDriver.execute(RemoteWebDriver.java:541)
at org.openqa.selenium.remote.RemoteWebElement.execute(RemoteWebElement.java:257)
at org.openqa.selenium.remote.RemoteWebElement.getText(RemoteWebElement.java:207)
at com.tutorialsninja.pages.DesktopPage.getProductNamesListByNameZToA(DesktopPage.java:87)
at com.tutorialsninja.testsuite.DesktopPageTest.verifyProductArrangeInAlphabeticalOrder(DesktopPageTest.java:30)
at sun.reflect.NativeMethodAccessorImpl.invoke0(Native Method)
at sun.reflect.NativeMethodAccessorImpl.invoke(NativeMethodAccessorImpl.java:62)
at sun.reflect.DelegatingMethodAccessorImpl.invoke(DelegatingMethodAccessorImpl.java:43)
at java.lang.reflect.Method.invoke(Method.java:498)
at org.testng.internal.invokers.MethodInvocationHelper.invokeMethod(MethodInvocationHelper.java:135)
at org.testng.internal.invokers.TestInvoker.invokeMethod(TestInvoker.java:673)
at org.testng.internal.invokers.TestInvoker.invokeTestMethod(TestInvoker.java:220)
at org.testng.internal.invokers.MethodRunner.runInSequence(MethodRunner.java:50)
at org.testng.internal.invokers.TestInvoker$MethodInvocationAgent.invoke(TestInvoker.java:945)
at org.testng.internal.invokers.TestInvoker.invokeTestMethods(TestInvoker.java:193)
at org.testng.internal.invokers.TestMethodWorker.invokeTestMethods(TestMethodWorker.java:146)
at org.testng.internal.invokers.TestMethodWorker.run(TestMethodWorker.java:128)
at java.util.ArrayList.forEach(ArrayList.java:1249)
at org.testng.TestRunner.privateRun(TestRunner.java:808)
at org.testng.TestRunner.run(TestRunner.java:603)
at org.testng.SuiteRunner.runTest(SuiteRunner.java:429)
at org.testng.SuiteRunner.runSequentially(SuiteRunner.java:423)
at org.testng.SuiteRunner.privateRun(SuiteRunner.java:383)
at org.testng.SuiteRunner.run(SuiteRunner.java:326)
at org.testng.SuiteRunnerWorker.runSuite(SuiteRunnerWorker.java:52)
at org.testng.SuiteRunnerWorker.run(SuiteRunnerWorker.java:95)
at org.testng.TestNG.runSuitesSequentially(TestNG.java:1249)
at org.testng.TestNG.runSuitesLocally(TestNG.java:1169)
at org.testng.TestNG.runSuites(TestNG.java:1092)
at org.testng.TestNG.run(TestNG.java:1060)
at com.intellij.rt.testng.IDEARemoteTestNG.run(IDEARemoteTestNG.java:66)
at com.intellij.rt.testng.RemoteTestNGStarter.main(RemoteTestNGStarter.java:109)
]]>
    </error>
  </testcase> <!-- verifyProductArrangeInAlphabeticalOrder -->
  <system-out>
    <![CDATA[Hover the mouse on Desktops tab and click[[ChromeDriver: chrome on WINDOWS (8829220d2283728b72d376dd2720766c)] -> link text: Desktops]
Select show all desktops from drop down[[[ChromeDriver: chrome on WINDOWS (8829220d2283728b72d376dd2720766c)] -> link text: Show All Desktops]]
Get a list of all products listed under desktops[[[ChromeDriver: chrome on WINDOWS (8829220d2283728b72d376dd2720766c)] -> xpath: //h4/a], [[ChromeDriver: chrome on WINDOWS (8829220d2283728b72d376dd2720766c)] -> xpath: //h4/a], [[ChromeDriver: chrome on WINDOWS (8829220d2283728b72d376dd2720766c)] -> xpath: //h4/a], [[ChromeDriver: chrome on WINDOWS (8829220d2283728b72d376dd2720766c)] -> xpath: //h4/a], [[ChromeDriver: chrome on WINDOWS (8829220d2283728b72d376dd2720766c)] -> xpath: //h4/a], [[ChromeDriver: chrome on WINDOWS (8829220d2283728b72d376dd2720766c)] -> xpath: //h4/a], [[ChromeDriver: chrome on WINDOWS (8829220d2283728b72d376dd2720766c)] -> xpath: //h4/a], [[ChromeDriver: chrome on WINDOWS (8829220d2283728b72d376dd2720766c)] -> xpath: //h4/a], [[ChromeDriver: chrome on WINDOWS (8829220d2283728b72d376dd2720766c)] -> xpath: //h4/a], [[ChromeDriver: chrome on WINDOWS (8829220d2283728b72d376dd2720766c)] -> xpath: //h4/a], [[ChromeDriver: chrome on WINDOWS (8829220d2283728b72d376dd2720766c)] -> xpath: //h4/a], [[ChromeDriver: chrome on WINDOWS (8829220d2283728b72d376dd2720766c)] -> xpath: //h4/a]]
Get a list of all products listed under desktops[[[ChromeDriver: chrome on WINDOWS (8829220d2283728b72d376dd2720766c)] -> xpath: //h4/a], [[ChromeDriver: chrome on WINDOWS (8829220d2283728b72d376dd2720766c)] -> xpath: //h4/a], [[ChromeDriver: chrome on WINDOWS (8829220d2283728b72d376dd2720766c)] -> xpath: //h4/a], [[ChromeDriver: chrome on WINDOWS (8829220d2283728b72d376dd2720766c)] -> xpath: //h4/a], [[ChromeDriver: chrome on WINDOWS (8829220d2283728b72d376dd2720766c)] -> xpath: //h4/a], [[ChromeDriver: chrome on WINDOWS (8829220d2283728b72d376dd2720766c)] -> xpath: //h4/a], [[ChromeDriver: chrome on WINDOWS (8829220d2283728b72d376dd2720766c)] -> xpath: //h4/a], [[ChromeDriver: chrome on WINDOWS (8829220d2283728b72d376dd2720766c)] -> xpath: //h4/a], [[ChromeDriver: chrome on WINDOWS (8829220d2283728b72d376dd2720766c)] -> xpath: //h4/a], [[ChromeDriver: chrome on WINDOWS (8829220d2283728b72d376dd2720766c)] -> xpath: //h4/a], [[ChromeDriver: chrome on WINDOWS (8829220d2283728b72d376dd2720766c)] -> xpath: //h4/a], [[ChromeDriver: chrome on WINDOWS (8829220d2283728b72d376dd2720766c)] -> xpath: //h4/a]]
Get a list of all products listed under desktops by Name Z to A[[[ChromeDriver: chrome on WINDOWS (8829220d2283728b72d376dd2720766c)] -> xpath: //h4/a], [[ChromeDriver: chrome on WINDOWS (8829220d2283728b72d376dd2720766c)] -> xpath: //h4/a], [[ChromeDriver: chrome on WINDOWS (8829220d2283728b72d376dd2720766c)] -> xpath: //h4/a], [[ChromeDriver: chrome on WINDOWS (8829220d2283728b72d376dd2720766c)] -> xpath: //h4/a], [[ChromeDriver: chrome on WINDOWS (8829220d2283728b72d376dd2720766c)] -> xpath: //h4/a], [[ChromeDriver: chrome on WINDOWS (8829220d2283728b72d376dd2720766c)] -> xpath: //h4/a], [[ChromeDriver: chrome on WINDOWS (8829220d2283728b72d376dd2720766c)] -> xpath: //h4/a], [[ChromeDriver: chrome on WINDOWS (8829220d2283728b72d376dd2720766c)] -> xpath: //h4/a], [[ChromeDriver: chrome on WINDOWS (8829220d2283728b72d376dd2720766c)] -> xpath: //h4/a], [[ChromeDriver: chrome on WINDOWS (8829220d2283728b72d376dd2720766c)] -> xpath: //h4/a], [[ChromeDriver: chrome on WINDOWS (8829220d2283728b72d376dd2720766c)] -> xpath: //h4/a], [[ChromeDriver: chrome on WINDOWS (8829220d2283728b72d376dd2720766c)] -> xpath: //h4/a]]
Click to see screenshot
<a target = "_blank" href=C:\Users\humai\IdeaProjects\tutorialsninja-maven-page-factory-sw5/test-output/html/verifyProductArrangeInAlphabeticalOrderTue_Dec_13_10_00_18_GMT_2022.jpg>Screenshot</a>
<br>
<br>
<a target = "_blank" href=C:\Users\humai\IdeaProjects\tutorialsninja-maven-page-factory-sw5/test-output/html/verifyProductArrangeInAlphabeticalOrderTue_Dec_13_10_00_18_GMT_2022.jpg><img src=C:\Users\humai\IdeaProjects\tutorialsninja-maven-page-factory-sw5/test-output/html/verifyProductArrangeInAlphabeticalOrderTue_Dec_13_10_00_18_GMT_2022.jpg height=200 width=200></img></a>]]>
  </system-out>
</testsuite> <!-- com.tutorialsninja.testsuite.DesktopPageTest -->
