<?xml version="1.0" encoding="UTF-8"?>
<!-- Generated by org.testng.reporters.JUnitReportReporter -->
<testsuite skipped="0" hostname="Humaira" name="com.tutorialsninja.testsuite.AccountLoginPageTest" tests="1" failures="0" timestamp="2022-12-13T10:00:29 GMT" time="3.986" errors="0">
  <testcase name="verifyUserShouldNavigateToLoginPageSuccessfully" time="3.986" classname="com.tutorialsninja.testsuite.AccountLoginPageTest"/>
  <system-out>
    <![CDATA[Click on My Account link[[ChromeDriver: chrome on WINDOWS (61f6e9725ec592c5a596a92be8915fec)] -> xpath: //span[contains(text(),'My Account')]]
Verify the Login Page name[[ChromeDriver: chrome on WINDOWS (61f6e9725ec592c5a596a92be8915fec)] -> xpath: //h2[contains(text(),'Returning Customer')]]]]>
  </system-out>
</testsuite> <!-- com.tutorialsninja.testsuite.AccountLoginPageTest -->
