<?xml version="1.0" encoding="UTF-8"?>
<!-- Generated by org.testng.reporters.JUnitReportReporter -->
<testsuite skipped="0" hostname="Humaira" name="com.tutorialsninja.testsuite.TopMenuTest" tests="1" failures="0" timestamp="2022-12-13T10:00:29 GMT" time="3.414" errors="0">
  <testcase name="verifyUserShouldNavigateToDesktopsPageSuccessfully" time="3.414" classname="com.tutorialsninja.testsuite.TopMenuTest"/>
  <system-out>
    <![CDATA[Hover the mouse on Desktops tab and click[[ChromeDriver: chrome on WINDOWS (df6eba66e4b825c1995b7367a37c042a)] -> link text: Desktops]
Select show all desktops from drop down[[[ChromeDriver: chrome on WINDOWS (df6eba66e4b825c1995b7367a37c042a)] -> link text: Show All Desktops]]
Verify the Desktop page name[[ChromeDriver: chrome on WINDOWS (df6eba66e4b825c1995b7367a37c042a)] -> xpath: //h2[contains(text(),'Desktops')]]]]>
  </system-out>
</testsuite> <!-- com.tutorialsninja.testsuite.TopMenuTest -->
