<?xml version="1.0" encoding="UTF-8"?>
<!-- Generated by org.testng.reporters.JUnitReportReporter -->
<testsuite skipped="0" hostname="Humaira" name="com.tutorialsninja.testsuite.RegisterPageTest" tests="1" failures="0" timestamp="2022-12-13T10:00:29 GMT" time="2.749" errors="0">
  <testcase name="verifyUserShouldNavigateToRegisterPageSuccessfully" time="2.749" classname="com.tutorialsninja.testsuite.RegisterPageTest"/>
  <system-out>
    <![CDATA[Click on My Account link[[ChromeDriver: chrome on WINDOWS (3e1520acc34e47f8632d2116cb8a2d89)] -> xpath: //span[contains(text(),'My Account')]]
Verify the Register Page name[[ChromeDriver: chrome on WINDOWS (3e1520acc34e47f8632d2116cb8a2d89)] -> xpath: //h1[contains(text(),'Register Account')]]]]>
  </system-out>
</testsuite> <!-- com.tutorialsninja.testsuite.RegisterPageTest -->
